<?xml version="1.0" encoding="UTF-8"?>
<coverage generated="1756812140655" clover="3.2.0">
  <project timestamp="1756812140655" name="All files">
    <metrics statements="43" coveredstatements="32" conditionals="42" coveredconditionals="31" methods="16" coveredmethods="13" elements="101" coveredelements="76" complexity="0" loc="43" ncloc="43" packages="1" files="2" classes="2"/>
    <file name="book.js" path="C:\Users\titif\PPPL TitiPatimah\TestingEnvironment\Projects\TugasPraktikum1_BookManager.NodeJs\book.js">
      <metrics statements="14" coveredstatements="7" conditionals="20" coveredconditionals="12" methods="3" coveredmethods="1"/>
      <line num="3" count="11" type="cond" truecount="4" falsecount="1"/>
      <line num="4" count="0" type="stmt"/>
      <line num="6" count="11" type="cond" truecount="4" falsecount="1"/>
      <line num="7" count="0" type="stmt"/>
      <line num="9" count="11" type="cond" truecount="4" falsecount="1"/>
      <line num="10" count="0" type="stmt"/>
      <line num="13" count="11" type="stmt"/>
      <line num="14" count="11" type="stmt"/>
      <line num="15" count="11" type="stmt"/>
      <line num="19" count="0" type="stmt"/>
      <line num="23" count="0" type="cond" truecount="0" falsecount="2"/>
      <line num="24" count="0" type="stmt"/>
      <line num="26" count="0" type="cond" truecount="0" falsecount="3"/>
      <line num="32" count="1" type="stmt"/>
    </file>
    <file name="bookManager.js" path="C:\Users\titif\PPPL TitiPatimah\TestingEnvironment\Projects\TugasPraktikum1_BookManager.NodeJs\bookManager.js">
      <metrics statements="29" coveredstatements="25" conditionals="22" coveredconditionals="19" methods="13" coveredmethods="12"/>
      <line num="1" count="1" type="stmt"/>
      <line num="5" count="9" type="stmt"/>
      <line num="9" count="12" type="cond" truecount="2" falsecount="0"/>
      <line num="10" count="1" type="stmt"/>
      <line num="12" count="11" type="stmt"/>
      <line num="16" count="3" type="cond" truecount="5" falsecount="0"/>
      <line num="17" count="1" type="stmt"/>
      <line num="20" count="2" type="stmt"/>
      <line num="21" count="2" type="stmt"/>
      <line num="22" count="2" type="stmt"/>
      <line num="23" count="1" type="stmt"/>
      <line num="25" count="2" type="stmt"/>
      <line num="29" count="0" type="stmt"/>
      <line num="33" count="2" type="cond" truecount="4" falsecount="1"/>
      <line num="34" count="0" type="stmt"/>
      <line num="37" count="2" type="stmt"/>
      <line num="38" count="2" type="stmt"/>
      <line num="39" count="6" type="stmt"/>
      <line num="44" count="2" type="cond" truecount="4" falsecount="1"/>
      <line num="45" count="0" type="stmt"/>
      <line num="48" count="6" type="stmt"/>
      <line num="52" count="4" type="stmt"/>
      <line num="56" count="2" type="cond" truecount="4" falsecount="1"/>
      <line num="57" count="0" type="stmt"/>
      <line num="60" count="2" type="stmt"/>
      <line num="61" count="2" type="stmt"/>
      <line num="62" count="2" type="stmt"/>
      <line num="67" count="1" type="stmt"/>
      <line num="71" count="1" type="stmt"/>
    </file>
  </project>
</coverage>
