TN:
SF:book.js
FN:2,(anonymous_0)
FN:18,(anonymous_1)
FN:22,(anonymous_2)
FNF:3
FNH:1
FNDA:11,(anonymous_0)
FNDA:0,(anonymous_1)
FNDA:0,(anonymous_2)
DA:3,11
DA:4,0
DA:6,11
DA:7,0
DA:9,11
DA:10,0
DA:13,11
DA:14,11
DA:15,11
DA:19,0
DA:23,0
DA:24,0
DA:26,0
DA:32,1
LF:14
LH:7
BRDA:3,0,0,0
BRDA:3,0,1,11
BRDA:3,1,0,11
BRDA:3,1,1,11
BRDA:3,1,2,11
BRDA:6,2,0,0
BRDA:6,2,1,11
BRDA:6,3,0,11
BRDA:6,3,1,11
BRDA:6,3,2,11
BRDA:9,4,0,0
BRDA:9,4,1,11
BRDA:9,5,0,11
BRDA:9,5,1,11
BRDA:9,5,2,11
BRDA:23,6,0,0
BRDA:23,6,1,0
BRDA:26,7,0,0
BRDA:26,7,1,0
BRDA:26,7,2,0
BRF:20
BRH:12
end_of_record
TN:
SF:bookManager.js
FN:4,(anonymous_0)
FN:8,(anonymous_1)
FN:15,(anonymous_2)
FN:22,(anonymous_3)
FN:28,(anonymous_4)
FN:32,(anonymous_5)
FN:38,(anonymous_6)
FN:43,(anonymous_7)
FN:48,(anonymous_8)
FN:51,(anonymous_9)
FN:55,(anonymous_10)
FN:61,(anonymous_11)
FN:66,(anonymous_12)
FNF:13
FNH:12
FNDA:9,(anonymous_0)
FNDA:12,(anonymous_1)
FNDA:3,(anonymous_2)
FNDA:1,(anonymous_3)
FNDA:0,(anonymous_4)
FNDA:2,(anonymous_5)
FNDA:6,(anonymous_6)
FNDA:2,(anonymous_7)
FNDA:6,(anonymous_8)
FNDA:4,(anonymous_9)
FNDA:2,(anonymous_10)
FNDA:2,(anonymous_11)
FNDA:1,(anonymous_12)
DA:1,1
DA:5,9
DA:9,12
DA:10,1
DA:12,11
DA:16,3
DA:17,1
DA:20,2
DA:21,2
DA:22,2
DA:23,1
DA:25,2
DA:29,0
DA:33,2
DA:34,0
DA:37,2
DA:38,2
DA:39,6
DA:44,2
DA:45,0
DA:48,6
DA:52,4
DA:56,2
DA:57,0
DA:60,2
DA:61,2
DA:62,2
DA:67,1
DA:71,1
LF:29
LH:25
BRDA:9,0,0,1
BRDA:9,0,1,11
BRDA:16,1,0,1
BRDA:16,1,1,2
BRDA:16,2,0,3
BRDA:16,2,1,2
BRDA:16,2,2,2
BRDA:33,3,0,0
BRDA:33,3,1,2
BRDA:33,4,0,2
BRDA:33,4,1,2
BRDA:33,4,2,2
BRDA:44,5,0,0
BRDA:44,5,1,2
BRDA:44,6,0,2
BRDA:44,6,1,2
BRDA:44,6,2,2
BRDA:56,7,0,0
BRDA:56,7,1,2
BRDA:56,8,0,2
BRDA:56,8,1,2
BRDA:56,8,2,2
BRF:22
BRH:19
end_of_record
